There are 26 ligand heavy atoms
Ligand center of coords (x y z): -28.7965384615385 12.8477307692308 28.6103076923077
useligsph flag does not exist.
Starting number of spheres from all_spheres.sph cluster 0: 1306
FINISHED READING IN FILE all_spheres.sph CLUSTER 0 
Number of sphere points after cutting off spheres too far from center of ligand (12 angstroms): 929
Number of spheres after removing too far (>7 angstroms) and too close to receptor (<1.2 angstroms): 927
Number of spheres polar: 260, nonpolar: 568, out of current total: 927
Extents of grid to search are X1 X2 Y1 Y2 Z1 Z2: -40.79314 -16.88195 0.86864 24.84015 16.67797 37.81834
Number of spheres after removing spheres too close to each other (approximately <1.5 angstroms): 295
Number of spheres after second pass removing spheres absolutely <0.8 from each other: 227
No crystallographic spheres present, so determining sphere nearest center of ligand (x y z): -28.7965384615385 12.8477307692308 28.6103076923077
Center point: 199 xyz: -28.90384 11.60775 28.64700
After continuity checking, number of spheres is: 165
Spheres center of coords (x y z): -32.1044715757576 16.6047175757576 25.3217616363636
Not crystallographic ligand, so keeping spheres closest to center of receptor, center of ligand, and center of spheres
Receptor center of coords (x y z): -25.6056515270164 7.90502682067347 42.9282114330461
Average weighted-distance for final elimination is: 37.2296025025371
Final number of output spheres is: 120
Number of polar spheres: 31
Number of nonpolar spheres: 82
Number of spheres that are near neither polar nor nonpolar receptor atoms: 7
Final number of spheres that are from crystallographic ligand: 0
