There are 26 ligand heavy atoms
Ligand center of coords (x y z): -28.7965384615385 12.8477307692308 28.6103076923077
Using crystallographic ligand as spheres for output
Starting number of spheres from sph/sph cluster 0: 1306
FINISHED READING IN FILE sph/sph CLUSTER 0 
Number of sphere points after cutting off spheres too far from center of ligand (10 angstroms): 627
Number of spheres after removing too far (>7 angstroms) and too close to receptor (<1.2 angstroms): 627
Number of spheres polar: 107, nonpolar: 448, out of current total: 627
Extents of grid to search are X1 X2 Y1 Y2 Z1 Z2: -38.63274 -20.79566 2.87811 22.78886 18.70722 37.54100
Number of spheres after removing spheres too close to each other (approximately <1.5 angstroms): 183
Number of spheres after second pass removing spheres absolutely <0.8 from each other: 149
Crystallographic spheres are present, so doing continuity based on crystallographic spheres
After continuity checking, number of spheres is: 130
Spheres center of coords (x y z): -30.8487642307692 15.622218 25.8692083076923
Crystallographic ligand, so keeping spheres closest to ANY ligand atom, center of ligand (1/8), and center of spheres (1/8)
Average weighted-distance for final elimination is: 4.40686066619267
Final number of output spheres is: 45
Number of polar spheres: 8
Number of nonpolar spheres: 34
Number of spheres that are near neither polar nor nonpolar receptor atoms: 3
Final number of spheres that are from crystallographic ligand: 26
